<?xml version="1.0" encoding="UTF-8"?>
<!-- Generated by org.testng.reporters.JUnitReportReporter -->
<testsuite skipped="0" hostname="DESKTOP-7IGT6CB" name="com.sunnet.Test.database" tests="1" failures="0" timestamp="18 Sep 2019 09:58:21 GMT" time="0.469" errors="0">
  <testcase name="databasequeries" time="0.469" classname="com.sunnet.Test.database"/>
</testsuite> <!-- com.sunnet.Test.database -->
